{"/home/travis/build/npmtest/node-npmtest-rss-feed-emitter/test.js":{"path":"/home/travis/build/npmtest/node-npmtest-rss-feed-emitter/test.js","s":{"1":2,"2":2,"3":2,"4":2,"5":2,"6":2,"7":2,"8":1,"9":2,"10":2,"11":1,"12":1,"13":1,"14":1,"15":2,"16":2,"17":2,"18":2,"19":1,"20":1,"21":2,"22":2,"23":2,"24":1,"25":1,"26":1,"27":1,"28":1,"29":1,"30":1,"31":1,"32":1,"33":1,"34":1,"35":1,"36":1,"37":1,"38":1,"39":2,"40":2,"41":1,"42":2,"43":2,"44":1,"45":2,"46":2,"47":1,"48":2,"49":2,"50":1,"51":1,"52":1,"53":1,"54":1},"b":{"1":[2,1,1,1],"2":[1,1,1,1],"3":[1,1],"4":[1,1],"5":[1,1],"6":[1,1],"7":[1,1],"8":[1,1],"9":[1,1],"10":[1,1,1],"11":[1,1],"12":[1,1],"13":[1,1],"14":[1,1],"15":[1,1],"16":[1,1],"17":[1,1]},"f":{"1":2,"2":2,"3":2,"4":2,"5":2,"6":1,"7":1,"8":1,"9":2,"10":2,"11":2,"12":2,"13":1},"fnMap":{"1":{"name":"(anonymous_1)","line":12,"loc":{"start":{"line":12,"column":1},"end":{"line":12,"column":13}}},"2":{"name":"(anonymous_2)","line":19,"loc":{"start":{"line":19,"column":5},"end":{"line":19,"column":17}}},"3":{"name":"(anonymous_3)","line":23,"loc":{"start":{"line":23,"column":24},"end":{"line":23,"column":36}}},"4":{"name":"(anonymous_4)","line":61,"loc":{"start":{"line":61,"column":5},"end":{"line":61,"column":17}}},"5":{"name":"(anonymous_5)","line":82,"loc":{"start":{"line":82,"column":5},"end":{"line":82,"column":17}}},"6":{"name":"(anonymous_6)","line":91,"loc":{"start":{"line":91,"column":77},"end":{"line":94,"column":10}}},"7":{"name":"(anonymous_7)","line":112,"loc":{"start":{"line":112,"column":83},"end":{"line":115,"column":10}},"skip":true},"8":{"name":"(anonymous_8)","line":123,"loc":{"start":{"line":123,"column":77},"end":{"line":126,"column":10}},"skip":true},"9":{"name":"(anonymous_9)","line":139,"loc":{"start":{"line":139,"column":12},"end":{"line":139,"column":40}},"skip":true},"10":{"name":"(anonymous_10)","line":147,"loc":{"start":{"line":147,"column":77},"end":{"line":150,"column":10}},"skip":true},"11":{"name":"(anonymous_11)","line":158,"loc":{"start":{"line":158,"column":83},"end":{"line":161,"column":10}},"skip":true},"12":{"name":"(anonymous_12)","line":169,"loc":{"start":{"line":169,"column":79},"end":{"line":172,"column":10}},"skip":true},"13":{"name":"(anonymous_13)","line":180,"loc":{"start":{"line":180,"column":75},"end":{"line":183,"column":10}},"skip":true}},"statementMap":{"1":{"start":{"line":12,"column":0},"end":{"line":195,"column":5}},"2":{"start":{"line":14,"column":4},"end":{"line":14,"column":14}},"3":{"start":{"line":19,"column":4},"end":{"line":56,"column":9}},"4":{"start":{"line":21,"column":8},"end":{"line":21,"column":19}},"5":{"start":{"line":23,"column":8},"end":{"line":35,"column":13}},"6":{"start":{"line":24,"column":12},"end":{"line":34,"column":13}},"7":{"start":{"line":25,"column":16},"end":{"line":28,"column":30}},"8":{"start":{"line":30,"column":16},"end":{"line":33,"column":27}},"9":{"start":{"line":37,"column":8},"end":{"line":39,"column":21}},"10":{"start":{"line":40,"column":8},"end":{"line":53,"column":9}},"11":{"start":{"line":43,"column":12},"end":{"line":46,"column":14}},"12":{"start":{"line":47,"column":12},"end":{"line":47,"column":18}},"13":{"start":{"line":50,"column":12},"end":{"line":51,"column":33}},"14":{"start":{"line":52,"column":12},"end":{"line":52,"column":18}},"15":{"start":{"line":55,"column":8},"end":{"line":55,"column":35}},"16":{"start":{"line":61,"column":4},"end":{"line":63,"column":9}},"17":{"start":{"line":62,"column":8},"end":{"line":62,"column":15}},"18":{"start":{"line":64,"column":4},"end":{"line":77,"column":5}},"19":{"start":{"line":70,"column":8},"end":{"line":70,"column":14}},"20":{"start":{"line":76,"column":8},"end":{"line":76,"column":14}},"21":{"start":{"line":82,"column":4},"end":{"line":84,"column":9}},"22":{"start":{"line":83,"column":8},"end":{"line":83,"column":15}},"23":{"start":{"line":85,"column":4},"end":{"line":194,"column":5}},"24":{"start":{"line":91,"column":8},"end":{"line":99,"column":10}},"25":{"start":{"line":98,"column":12},"end":{"line":98,"column":35}},"26":{"start":{"line":102,"column":8},"end":{"line":104,"column":63}},"27":{"start":{"line":105,"column":8},"end":{"line":105,"column":14}},"28":{"start":{"line":112,"column":8},"end":{"line":121,"column":10},"skip":true},"29":{"start":{"line":119,"column":12},"end":{"line":119,"column":55},"skip":true},"30":{"start":{"line":120,"column":12},"end":{"line":120,"column":48},"skip":true},"31":{"start":{"line":123,"column":8},"end":{"line":136,"column":10},"skip":true},"32":{"start":{"line":130,"column":12},"end":{"line":130,"column":76},"skip":true},"33":{"start":{"line":131,"column":12},"end":{"line":131,"column":73},"skip":true},"34":{"start":{"line":132,"column":12},"end":{"line":132,"column":74},"skip":true},"35":{"start":{"line":133,"column":12},"end":{"line":133,"column":79},"skip":true},"36":{"start":{"line":134,"column":12},"end":{"line":134,"column":25},"skip":true},"37":{"start":{"line":135,"column":12},"end":{"line":135,"column":45},"skip":true},"38":{"start":{"line":138,"column":8},"end":{"line":145,"column":14},"skip":true},"39":{"start":{"line":143,"column":16},"end":{"line":143,"column":29},"skip":true},"40":{"start":{"line":144,"column":16},"end":{"line":144,"column":55},"skip":true},"41":{"start":{"line":147,"column":8},"end":{"line":156,"column":10},"skip":true},"42":{"start":{"line":154,"column":12},"end":{"line":154,"column":25},"skip":true},"43":{"start":{"line":155,"column":12},"end":{"line":155,"column":45},"skip":true},"44":{"start":{"line":158,"column":8},"end":{"line":167,"column":10},"skip":true},"45":{"start":{"line":165,"column":12},"end":{"line":165,"column":25},"skip":true},"46":{"start":{"line":166,"column":12},"end":{"line":166,"column":48},"skip":true},"47":{"start":{"line":169,"column":8},"end":{"line":178,"column":10},"skip":true},"48":{"start":{"line":176,"column":12},"end":{"line":176,"column":25},"skip":true},"49":{"start":{"line":177,"column":12},"end":{"line":177,"column":46},"skip":true},"50":{"start":{"line":180,"column":8},"end":{"line":189,"column":10},"skip":true},"51":{"start":{"line":187,"column":12},"end":{"line":187,"column":94},"skip":true},"52":{"start":{"line":188,"column":12},"end":{"line":188,"column":48},"skip":true},"53":{"start":{"line":192,"column":8},"end":{"line":192,"column":35},"skip":true},"54":{"start":{"line":193,"column":8},"end":{"line":193,"column":14},"skip":true}},"branchMap":{"1":{"line":25,"type":"binary-expr","locations":[{"start":{"line":25,"column":23},"end":{"line":25,"column":62}},{"start":{"line":26,"column":20},"end":{"line":26,"column":70}},{"start":{"line":27,"column":20},"end":{"line":27,"column":71}},{"start":{"line":28,"column":20},"end":{"line":28,"column":29}}]},"2":{"line":30,"type":"binary-expr","locations":[{"start":{"line":30,"column":23},"end":{"line":30,"column":37}},{"start":{"line":31,"column":20},"end":{"line":31,"column":61}},{"start":{"line":32,"column":20},"end":{"line":32,"column":70}},{"start":{"line":33,"column":20},"end":{"line":33,"column":26}}]},"3":{"line":37,"type":"cond-expr","locations":[{"start":{"line":38,"column":14},"end":{"line":38,"column":20}},{"start":{"line":39,"column":14},"end":{"line":39,"column":20}}]},"4":{"line":40,"type":"switch","locations":[{"start":{"line":42,"column":8},"end":{"line":47,"column":18}},{"start":{"line":49,"column":8},"end":{"line":52,"column":18}}]},"5":{"line":44,"type":"binary-expr","locations":[{"start":{"line":44,"column":16},"end":{"line":44,"column":44}},{"start":{"line":44,"column":48},"end":{"line":44,"column":66}}]},"6":{"line":50,"type":"binary-expr","locations":[{"start":{"line":50,"column":21},"end":{"line":50,"column":49}},{"start":{"line":50,"column":53},"end":{"line":50,"column":72}}]},"7":{"line":64,"type":"switch","locations":[{"start":{"line":69,"column":4},"end":{"line":70,"column":14}},{"start":{"line":75,"column":4},"end":{"line":76,"column":14}}]},"8":{"line":85,"type":"switch","locations":[{"start":{"line":90,"column":4},"end":{"line":105,"column":14}},{"start":{"line":111,"column":4},"end":{"line":193,"column":14},"skip":true}]},"9":{"line":91,"type":"binary-expr","locations":[{"start":{"line":91,"column":42},"end":{"line":91,"column":73}},{"start":{"line":91,"column":77},"end":{"line":99,"column":9}}]},"10":{"line":102,"type":"binary-expr","locations":[{"start":{"line":102,"column":18},"end":{"line":102,"column":32}},{"start":{"line":103,"column":12},"end":{"line":103,"column":53}},{"start":{"line":104,"column":12},"end":{"line":104,"column":61}}]},"11":{"line":112,"type":"binary-expr","locations":[{"start":{"line":112,"column":45},"end":{"line":112,"column":79},"skip":true},{"start":{"line":112,"column":83},"end":{"line":121,"column":9},"skip":true}]},"12":{"line":123,"type":"binary-expr","locations":[{"start":{"line":123,"column":42},"end":{"line":123,"column":73},"skip":true},{"start":{"line":123,"column":77},"end":{"line":136,"column":9},"skip":true}]},"13":{"line":138,"type":"binary-expr","locations":[{"start":{"line":138,"column":48},"end":{"line":138,"column":85},"skip":true},{"start":{"line":139,"column":12},"end":{"line":145,"column":13},"skip":true}]},"14":{"line":147,"type":"binary-expr","locations":[{"start":{"line":147,"column":42},"end":{"line":147,"column":73},"skip":true},{"start":{"line":147,"column":77},"end":{"line":156,"column":9},"skip":true}]},"15":{"line":158,"type":"binary-expr","locations":[{"start":{"line":158,"column":45},"end":{"line":158,"column":79},"skip":true},{"start":{"line":158,"column":83},"end":{"line":167,"column":9},"skip":true}]},"16":{"line":169,"type":"binary-expr","locations":[{"start":{"line":169,"column":43},"end":{"line":169,"column":75},"skip":true},{"start":{"line":169,"column":79},"end":{"line":178,"column":9},"skip":true}]},"17":{"line":180,"type":"binary-expr","locations":[{"start":{"line":180,"column":41},"end":{"line":180,"column":71},"skip":true},{"start":{"line":180,"column":75},"end":{"line":189,"column":9},"skip":true}]}},"code":["/* istanbul instrument in package npmtest_rss_feed_emitter */","/*jslint","    bitwise: true,","    browser: true,","    maxerr: 8,","    maxlen: 96,","    node: true,","    nomen: true,","    regexp: true,","    stupid: true","*/","(function () {","    'use strict';","    var local;","","","","    // run shared js-env code - init-before","    (function () {","        // init local","        local = {};","        // init modeJs","        local.modeJs = (function () {","            try {","                return typeof navigator.userAgent === 'string' &&","                    typeof document.querySelector('body') === 'object' &&","                    typeof XMLHttpRequest.prototype.open === 'function' &&","                    'browser';","            } catch (errorCaughtBrowser) {","                return module.exports &&","                    typeof process.versions.node === 'string' &&","                    typeof require('http').createServer === 'function' &&","                    'node';","            }","        }());","        // init global","        local.global = local.modeJs === 'browser'","            ? window","            : global;","        switch (local.modeJs) {","        // re-init local from window.local","        case 'browser':","            local = local.global.utility2.objectSetDefault(","                local.global.utility2_rollup || local.global.local,","                local.global.utility2","            );","            break;","        // re-init local from example.js","        case 'node':","            local = (local.global.utility2_rollup || require('utility2'))","                .requireReadme();","            break;","        }","        // export local","        local.global.local = local;","    }());","","","","    // run shared js-env code - function","    (function () {","        return;","    }());","    switch (local.modeJs) {","","","","    // run browser js-env code - function","    case 'browser':","        break;","","","","    // run node js-env code - function","    case 'node':","        break;","    }","","","","    // run shared js-env code - init-after","    (function () {","        return;","    }());","    switch (local.modeJs) {","","","","    // run browser js-env code - init-after","    case 'browser':","        local.testCase_browser_nullCase = local.testCase_browser_nullCase || function (","            options,","            onError","        ) {","        /*","         * this function will test browsers's null-case handling-behavior-behavior","         */","            onError(null, options);","        };","","        // run tests","        local.nop(local.modeTest &&","            document.querySelector('#testRunButton1') &&","            document.querySelector('#testRunButton1').click());","        break;","","","","    // run node js-env code - init-after","    /* istanbul ignore next */","    case 'node':","        local.testCase_buildApidoc_default = local.testCase_buildApidoc_default || function (","            options,","            onError","        ) {","        /*","         * this function will test buildApidoc's default handling-behavior-behavior","         */","            options = { modulePathList: module.paths };","            local.buildApidoc(options, onError);","        };","","        local.testCase_buildApp_default = local.testCase_buildApp_default || function (","            options,","            onError","        ) {","        /*","         * this function will test buildApp's default handling-behavior-behavior","         */","            local.testCase_buildReadme_default(options, local.onErrorThrow);","            local.testCase_buildLib_default(options, local.onErrorThrow);","            local.testCase_buildTest_default(options, local.onErrorThrow);","            local.testCase_buildCustomOrg_default(options, local.onErrorThrow);","            options = [];","            local.buildApp(options, onError);","        };","","        local.testCase_buildCustomOrg_default = local.testCase_buildCustomOrg_default ||","            function (options, onError) {","            /*","             * this function will test buildCustomOrg's default handling-behavior","             */","                options = {};","                local.buildCustomOrg(options, onError);","            };","","        local.testCase_buildLib_default = local.testCase_buildLib_default || function (","            options,","            onError","        ) {","        /*","         * this function will test buildLib's default handling-behavior","         */","            options = {};","            local.buildLib(options, onError);","        };","","        local.testCase_buildReadme_default = local.testCase_buildReadme_default || function (","            options,","            onError","        ) {","        /*","         * this function will test buildReadme's default handling-behavior-behavior","         */","            options = {};","            local.buildReadme(options, onError);","        };","","        local.testCase_buildTest_default = local.testCase_buildTest_default || function (","            options,","            onError","        ) {","        /*","         * this function will test buildTest's default handling-behavior","         */","            options = {};","            local.buildTest(options, onError);","        };","","        local.testCase_webpage_default = local.testCase_webpage_default || function (","            options,","            onError","        ) {","        /*","         * this function will test webpage's default handling-behavior","         */","            options = { modeCoverageMerge: true, url: local.serverLocalHost + '?modeTest=1' };","            local.browserTest(options, onError);","        };","","        // run test-server","        local.testRunServer(local);","        break;","    }","}());",""],"l":{"12":2,"14":2,"19":2,"21":2,"23":2,"24":2,"25":2,"30":1,"37":2,"40":2,"43":1,"47":1,"50":1,"52":1,"55":2,"61":2,"62":2,"64":2,"70":1,"76":1,"82":2,"83":2,"85":2,"91":1,"98":1,"102":1,"105":1,"112":1,"119":1,"120":1,"123":1,"130":1,"131":1,"132":1,"133":1,"134":1,"135":1,"138":1,"143":2,"144":2,"147":1,"154":2,"155":2,"158":1,"165":2,"166":2,"169":1,"176":2,"177":2,"180":1,"187":1,"188":1,"192":1,"193":1}},"/home/travis/build/npmtest/node-npmtest-rss-feed-emitter/lib.npmtest_rss_feed_emitter.js":{"path":"/home/travis/build/npmtest/node-npmtest-rss-feed-emitter/lib.npmtest_rss_feed_emitter.js","s":{"1":2,"2":2,"3":2,"4":2,"5":2,"6":2,"7":2,"8":1,"9":2,"10":2,"11":2,"12":2,"13":1,"14":1,"15":1,"16":1},"b":{"1":[2,1,1,1],"2":[1,1,1,1],"3":[1,1],"4":[2,2],"5":[1,1]},"f":{"1":2,"2":2,"3":2},"fnMap":{"1":{"name":"(anonymous_1)","line":12,"loc":{"start":{"line":12,"column":1},"end":{"line":12,"column":13}}},"2":{"name":"(anonymous_2)","line":19,"loc":{"start":{"line":19,"column":5},"end":{"line":19,"column":17}}},"3":{"name":"(anonymous_3)","line":23,"loc":{"start":{"line":23,"column":24},"end":{"line":23,"column":36}}}},"statementMap":{"1":{"start":{"line":12,"column":0},"end":{"line":53,"column":5}},"2":{"start":{"line":14,"column":4},"end":{"line":14,"column":14}},"3":{"start":{"line":19,"column":4},"end":{"line":52,"column":9}},"4":{"start":{"line":21,"column":8},"end":{"line":21,"column":19}},"5":{"start":{"line":23,"column":8},"end":{"line":35,"column":13}},"6":{"start":{"line":24,"column":12},"end":{"line":34,"column":13}},"7":{"start":{"line":25,"column":16},"end":{"line":28,"column":30}},"8":{"start":{"line":30,"column":16},"end":{"line":33,"column":27}},"9":{"start":{"line":37,"column":8},"end":{"line":39,"column":21}},"10":{"start":{"line":41,"column":8},"end":{"line":41,"column":54}},"11":{"start":{"line":43,"column":8},"end":{"line":43,"column":61}},"12":{"start":{"line":45,"column":8},"end":{"line":51,"column":9}},"13":{"start":{"line":46,"column":12},"end":{"line":46,"column":67}},"14":{"start":{"line":48,"column":12},"end":{"line":48,"column":35}},"15":{"start":{"line":49,"column":12},"end":{"line":49,"column":49}},"16":{"start":{"line":50,"column":12},"end":{"line":50,"column":43}}},"branchMap":{"1":{"line":25,"type":"binary-expr","locations":[{"start":{"line":25,"column":23},"end":{"line":25,"column":62}},{"start":{"line":26,"column":20},"end":{"line":26,"column":70}},{"start":{"line":27,"column":20},"end":{"line":27,"column":71}},{"start":{"line":28,"column":20},"end":{"line":28,"column":29}}]},"2":{"line":30,"type":"binary-expr","locations":[{"start":{"line":30,"column":23},"end":{"line":30,"column":37}},{"start":{"line":31,"column":20},"end":{"line":31,"column":61}},{"start":{"line":32,"column":20},"end":{"line":32,"column":70}},{"start":{"line":33,"column":20},"end":{"line":33,"column":26}}]},"3":{"line":37,"type":"cond-expr","locations":[{"start":{"line":38,"column":14},"end":{"line":38,"column":20}},{"start":{"line":39,"column":14},"end":{"line":39,"column":20}}]},"4":{"line":41,"type":"binary-expr","locations":[{"start":{"line":41,"column":16},"end":{"line":41,"column":44}},{"start":{"line":41,"column":48},"end":{"line":41,"column":53}}]},"5":{"line":45,"type":"if","locations":[{"start":{"line":45,"column":8},"end":{"line":45,"column":8}},{"start":{"line":45,"column":8},"end":{"line":45,"column":8}}]}},"code":["/* istanbul instrument in package npmtest_rss_feed_emitter */","/*jslint","    bitwise: true,","    browser: true,","    maxerr: 8,","    maxlen: 96,","    node: true,","    nomen: true,","    regexp: true,","    stupid: true","*/","(function () {","    'use strict';","    var local;","","","","    // run shared js-env code - init-before","    (function () {","        // init local","        local = {};","        // init modeJs","        local.modeJs = (function () {","            try {","                return typeof navigator.userAgent === 'string' &&","                    typeof document.querySelector('body') === 'object' &&","                    typeof XMLHttpRequest.prototype.open === 'function' &&","                    'browser';","            } catch (errorCaughtBrowser) {","                return module.exports &&","                    typeof process.versions.node === 'string' &&","                    typeof require('http').createServer === 'function' &&","                    'node';","            }","        }());","        // init global","        local.global = local.modeJs === 'browser'","            ? window","            : global;","        // init utility2_rollup","        local = local.global.utility2_rollup || local;","        // init lib","        local.local = local.npmtest_rss_feed_emitter = local;","        // init exports","        if (local.modeJs === 'browser') {","            local.global.utility2_npmtest_rss_feed_emitter = local;","        } else {","            module.exports = local;","            module.exports.__dirname = __dirname;","            module.exports.module = module;","        }","    }());","}());",""],"l":{"12":2,"14":2,"19":2,"21":2,"23":2,"24":2,"25":2,"30":1,"37":2,"41":2,"43":2,"45":2,"46":1,"48":1,"49":1,"50":1}},"/home/travis/build/npmtest/node-npmtest-rss-feed-emitter/example.js":{"path":"/home/travis/build/npmtest/node-npmtest-rss-feed-emitter/example.js","s":{"1":2,"2":2,"3":2,"4":2,"5":2,"6":2,"7":2,"8":1,"9":2,"10":2,"11":2,"12":2,"13":1,"14":2,"15":2,"16":2,"17":2,"18":2,"19":0,"20":2,"21":1,"22":1,"23":1,"24":1,"25":1,"26":0,"27":0,"28":1,"29":1,"30":2,"31":0,"32":0,"33":0,"34":1,"35":2,"36":2,"37":3,"38":3,"39":3,"40":3,"41":0,"42":3,"43":3,"44":3,"45":1,"46":3,"47":1,"48":1,"49":1,"50":1,"51":1,"52":1,"53":1,"54":1,"55":1,"56":1,"57":0,"58":1,"59":6,"60":6,"61":1,"62":2,"63":0,"64":2,"65":1,"66":1,"67":0,"68":0,"69":0,"70":0,"71":0,"72":0,"73":0,"74":0,"75":0,"76":0,"77":0,"78":0,"79":0,"80":0,"81":0,"82":0,"83":0},"b":{"1":[2,1,1,1],"2":[1,1,1,1],"3":[1,1],"4":[2,2],"5":[1,1],"6":[1,1],"7":[2,0],"8":[2,1,1,1,1,1],"9":[0,2,0],"10":[1,1],"11":[2,1,1],"12":[1,0],"13":[0,2],"14":[2,0,0,0,0,0,0],"15":[0,3],"16":[3,0],"17":[1,1],"18":[0,1],"19":[1,2,0,2],"20":[1,0],"21":[1,1],"22":[0,0],"23":[0,0],"24":[0,0],"25":[0,0],"26":[0,0],"27":[0,0],"28":[0,0]},"f":{"1":2,"2":2,"3":2,"4":2,"5":2,"6":2,"7":3,"8":3,"9":3,"10":1,"11":6,"12":0},"fnMap":{"1":{"name":"(anonymous_1)","line":26,"loc":{"start":{"line":26,"column":1},"end":{"line":26,"column":13}}},"2":{"name":"(anonymous_2)","line":33,"loc":{"start":{"line":33,"column":5},"end":{"line":33,"column":17}}},"3":{"name":"(anonymous_3)","line":37,"loc":{"start":{"line":37,"column":24},"end":{"line":37,"column":36}}},"4":{"name":"(anonymous_4)","line":69,"loc":{"start":{"line":69,"column":31},"end":{"line":69,"column":48}},"skip":true},"5":{"name":"(anonymous_5)","line":78,"loc":{"start":{"line":78,"column":26},"end":{"line":78,"column":45}},"skip":true},"6":{"name":"(anonymous_6)","line":123,"loc":{"start":{"line":123,"column":33},"end":{"line":123,"column":48}},"skip":true},"7":{"name":"(anonymous_7)","line":125,"loc":{"start":{"line":125,"column":27},"end":{"line":125,"column":39}},"skip":true},"8":{"name":"(anonymous_8)","line":133,"loc":{"start":{"line":133,"column":59},"end":{"line":133,"column":74}},"skip":true},"9":{"name":"(anonymous_9)","line":143,"loc":{"start":{"line":143,"column":45},"end":{"line":143,"column":62}},"skip":true},"10":{"name":"(anonymous_10)","line":144,"loc":{"start":{"line":144,"column":73},"end":{"line":144,"column":92}},"skip":true},"11":{"name":"(anonymous_11)","line":272,"loc":{"start":{"line":272,"column":51},"end":{"line":272,"column":77}},"skip":true},"12":{"name":"(anonymous_12)","line":315,"loc":{"start":{"line":315,"column":32},"end":{"line":315,"column":61}},"skip":true}},"statementMap":{"1":{"start":{"line":26,"column":0},"end":{"line":326,"column":5}},"2":{"start":{"line":28,"column":4},"end":{"line":28,"column":14}},"3":{"start":{"line":33,"column":4},"end":{"line":60,"column":9}},"4":{"start":{"line":35,"column":8},"end":{"line":35,"column":19}},"5":{"start":{"line":37,"column":8},"end":{"line":49,"column":13}},"6":{"start":{"line":38,"column":12},"end":{"line":48,"column":13}},"7":{"start":{"line":39,"column":16},"end":{"line":42,"column":30}},"8":{"start":{"line":44,"column":16},"end":{"line":47,"column":27}},"9":{"start":{"line":51,"column":8},"end":{"line":53,"column":21}},"10":{"start":{"line":55,"column":8},"end":{"line":57,"column":45}},"11":{"start":{"line":59,"column":8},"end":{"line":59,"column":35}},"12":{"start":{"line":61,"column":4},"end":{"line":325,"column":5}},"13":{"start":{"line":69,"column":8},"end":{"line":121,"column":10},"skip":true},"14":{"start":{"line":70,"column":12},"end":{"line":88,"column":13},"skip":true},"15":{"start":{"line":76,"column":16},"end":{"line":87,"column":19},"skip":true},"16":{"start":{"line":79,"column":20},"end":{"line":86,"column":21},"skip":true},"17":{"start":{"line":82,"column":24},"end":{"line":82,"column":43},"skip":true},"18":{"start":{"line":83,"column":24},"end":{"line":83,"column":30},"skip":true},"19":{"start":{"line":85,"column":24},"end":{"line":85,"column":49},"skip":true},"20":{"start":{"line":89,"column":12},"end":{"line":107,"column":13},"skip":true},"21":{"start":{"line":92,"column":16},"end":{"line":102,"column":17},"skip":true},"22":{"start":{"line":93,"column":20},"end":{"line":93,"column":86},"skip":true},"23":{"start":{"line":94,"column":20},"end":{"line":95,"column":45},"skip":true},"24":{"start":{"line":96,"column":20},"end":{"line":96,"column":42},"skip":true},"25":{"start":{"line":97,"column":20},"end":{"line":97,"column":48},"skip":true},"26":{"start":{"line":100,"column":20},"end":{"line":100,"column":85},"skip":true},"27":{"start":{"line":101,"column":20},"end":{"line":101,"column":96},"skip":true},"28":{"start":{"line":103,"column":16},"end":{"line":103,"column":22},"skip":true},"29":{"start":{"line":106,"column":16},"end":{"line":106,"column":22},"skip":true},"30":{"start":{"line":108,"column":12},"end":{"line":120,"column":13},"skip":true},"31":{"start":{"line":114,"column":16},"end":{"line":119,"column":17},"skip":true},"32":{"start":{"line":116,"column":20},"end":{"line":116,"column":78},"skip":true},"33":{"start":{"line":118,"column":20},"end":{"line":118,"column":47},"skip":true},"34":{"start":{"line":123,"column":8},"end":{"line":141,"column":11},"skip":true},"35":{"start":{"line":124,"column":12},"end":{"line":124,"column":54},"skip":true},"36":{"start":{"line":125,"column":12},"end":{"line":140,"column":14},"skip":true},"37":{"start":{"line":126,"column":16},"end":{"line":126,"column":28},"skip":true},"38":{"start":{"line":127,"column":16},"end":{"line":127,"column":69},"skip":true},"39":{"start":{"line":128,"column":16},"end":{"line":128,"column":75},"skip":true},"40":{"start":{"line":129,"column":16},"end":{"line":131,"column":17},"skip":true},"41":{"start":{"line":130,"column":20},"end":{"line":130,"column":27},"skip":true},"42":{"start":{"line":133,"column":16},"end":{"line":137,"column":36},"skip":true},"43":{"start":{"line":134,"column":20},"end":{"line":136,"column":55},"skip":true},"44":{"start":{"line":139,"column":16},"end":{"line":139,"column":57},"skip":true},"45":{"start":{"line":143,"column":8},"end":{"line":147,"column":11},"skip":true},"46":{"start":{"line":144,"column":12},"end":{"line":146,"column":15},"skip":true},"47":{"start":{"line":145,"column":16},"end":{"line":145,"column":70},"skip":true},"48":{"start":{"line":149,"column":8},"end":{"line":149,"column":31},"skip":true},"49":{"start":{"line":150,"column":8},"end":{"line":150,"column":14},"skip":true},"50":{"start":{"line":158,"column":8},"end":{"line":158,"column":31},"skip":true},"51":{"start":{"line":160,"column":8},"end":{"line":160,"column":33},"skip":true},"52":{"start":{"line":161,"column":8},"end":{"line":161,"column":37},"skip":true},"53":{"start":{"line":162,"column":8},"end":{"line":162,"column":35},"skip":true},"54":{"start":{"line":164,"column":8},"end":{"line":164,"column":50},"skip":true},"55":{"start":{"line":166,"column":8},"end":{"line":256,"column":2},"skip":true},"56":{"start":{"line":258,"column":8},"end":{"line":286,"column":9},"skip":true},"57":{"start":{"line":259,"column":12},"end":{"line":269,"column":14},"skip":true},"58":{"start":{"line":271,"column":12},"end":{"line":285,"column":19},"skip":true},"59":{"start":{"line":274,"column":20},"end":{"line":274,"column":35},"skip":true},"60":{"start":{"line":275,"column":20},"end":{"line":284,"column":21},"skip":true},"61":{"start":{"line":277,"column":24},"end":{"line":277,"column":64},"skip":true},"62":{"start":{"line":279,"column":24},"end":{"line":279,"column":40},"skip":true},"63":{"start":{"line":281,"column":24},"end":{"line":281,"column":40},"skip":true},"64":{"start":{"line":283,"column":24},"end":{"line":283,"column":39},"skip":true},"65":{"start":{"line":288,"column":8},"end":{"line":290,"column":9},"skip":true},"66":{"start":{"line":289,"column":12},"end":{"line":289,"column":18},"skip":true},"67":{"start":{"line":291,"column":8},"end":{"line":293,"column":54},"skip":true},"68":{"start":{"line":296,"column":8},"end":{"line":301,"column":37},"skip":true},"69":{"start":{"line":303,"column":8},"end":{"line":303,"column":82},"skip":true},"70":{"start":{"line":306,"column":8},"end":{"line":308,"column":9},"skip":true},"71":{"start":{"line":307,"column":12},"end":{"line":307,"column":82},"skip":true},"72":{"start":{"line":310,"column":8},"end":{"line":312,"column":9},"skip":true},"73":{"start":{"line":311,"column":12},"end":{"line":311,"column":18},"skip":true},"74":{"start":{"line":313,"column":8},"end":{"line":313,"column":54},"skip":true},"75":{"start":{"line":314,"column":8},"end":{"line":314,"column":69},"skip":true},"76":{"start":{"line":315,"column":8},"end":{"line":323,"column":36},"skip":true},"77":{"start":{"line":316,"column":12},"end":{"line":316,"column":61},"skip":true},"78":{"start":{"line":317,"column":12},"end":{"line":320,"column":13},"skip":true},"79":{"start":{"line":318,"column":16},"end":{"line":318,"column":75},"skip":true},"80":{"start":{"line":319,"column":16},"end":{"line":319,"column":23},"skip":true},"81":{"start":{"line":321,"column":12},"end":{"line":321,"column":38},"skip":true},"82":{"start":{"line":322,"column":12},"end":{"line":322,"column":27},"skip":true},"83":{"start":{"line":324,"column":8},"end":{"line":324,"column":14},"skip":true}},"branchMap":{"1":{"line":39,"type":"binary-expr","locations":[{"start":{"line":39,"column":23},"end":{"line":39,"column":62}},{"start":{"line":40,"column":20},"end":{"line":40,"column":70}},{"start":{"line":41,"column":20},"end":{"line":41,"column":71}},{"start":{"line":42,"column":20},"end":{"line":42,"column":29}}]},"2":{"line":44,"type":"binary-expr","locations":[{"start":{"line":44,"column":23},"end":{"line":44,"column":37}},{"start":{"line":45,"column":20},"end":{"line":45,"column":61}},{"start":{"line":46,"column":20},"end":{"line":46,"column":70}},{"start":{"line":47,"column":20},"end":{"line":47,"column":26}}]},"3":{"line":51,"type":"cond-expr","locations":[{"start":{"line":52,"column":14},"end":{"line":52,"column":20}},{"start":{"line":53,"column":14},"end":{"line":53,"column":20}}]},"4":{"line":55,"type":"binary-expr","locations":[{"start":{"line":55,"column":16},"end":{"line":55,"column":44}},{"start":{"line":55,"column":49},"end":{"line":57,"column":43}}]},"5":{"line":55,"type":"cond-expr","locations":[{"start":{"line":56,"column":14},"end":{"line":56,"column":60}},{"start":{"line":57,"column":14},"end":{"line":57,"column":43}}]},"6":{"line":61,"type":"switch","locations":[{"start":{"line":68,"column":4},"end":{"line":150,"column":14},"skip":true},{"start":{"line":156,"column":4},"end":{"line":324,"column":14},"skip":true}]},"7":{"line":70,"type":"if","locations":[{"start":{"line":70,"column":12},"end":{"line":70,"column":12},"skip":true},{"start":{"line":70,"column":12},"end":{"line":70,"column":12},"skip":true}]},"8":{"line":70,"type":"binary-expr","locations":[{"start":{"line":70,"column":16},"end":{"line":70,"column":22},"skip":true},{"start":{"line":70,"column":27},"end":{"line":70,"column":32},"skip":true},{"start":{"line":71,"column":20},"end":{"line":71,"column":39},"skip":true},{"start":{"line":72,"column":20},"end":{"line":72,"column":49},"skip":true},{"start":{"line":73,"column":20},"end":{"line":73,"column":58},"skip":true},{"start":{"line":74,"column":20},"end":{"line":74,"column":69},"skip":true}]},"9":{"line":79,"type":"switch","locations":[{"start":{"line":80,"column":20},"end":{"line":80,"column":33},"skip":true},{"start":{"line":81,"column":20},"end":{"line":83,"column":30},"skip":true},{"start":{"line":84,"column":20},"end":{"line":85,"column":49},"skip":true}]},"10":{"line":89,"type":"switch","locations":[{"start":{"line":90,"column":12},"end":{"line":103,"column":22},"skip":true},{"start":{"line":105,"column":12},"end":{"line":106,"column":22},"skip":true}]},"11":{"line":89,"type":"binary-expr","locations":[{"start":{"line":89,"column":20},"end":{"line":89,"column":25},"skip":true},{"start":{"line":89,"column":29},"end":{"line":89,"column":48},"skip":true},{"start":{"line":89,"column":52},"end":{"line":89,"column":74},"skip":true}]},"12":{"line":92,"type":"if","locations":[{"start":{"line":92,"column":16},"end":{"line":92,"column":16},"skip":true},{"start":{"line":92,"column":16},"end":{"line":92,"column":16},"skip":true}]},"13":{"line":108,"type":"if","locations":[{"start":{"line":108,"column":12},"end":{"line":108,"column":12},"skip":true},{"start":{"line":108,"column":12},"end":{"line":108,"column":12},"skip":true}]},"14":{"line":108,"type":"binary-expr","locations":[{"start":{"line":108,"column":16},"end":{"line":108,"column":61},"skip":true},{"start":{"line":108,"column":66},"end":{"line":108,"column":72},"skip":true},{"start":{"line":108,"column":77},"end":{"line":108,"column":82},"skip":true},{"start":{"line":109,"column":20},"end":{"line":109,"column":39},"skip":true},{"start":{"line":110,"column":20},"end":{"line":110,"column":49},"skip":true},{"start":{"line":111,"column":20},"end":{"line":111,"column":58},"skip":true},{"start":{"line":112,"column":20},"end":{"line":112,"column":68},"skip":true}]},"15":{"line":129,"type":"if","locations":[{"start":{"line":129,"column":16},"end":{"line":129,"column":16},"skip":true},{"start":{"line":129,"column":16},"end":{"line":129,"column":16},"skip":true}]},"16":{"line":134,"type":"cond-expr","locations":[{"start":{"line":135,"column":26},"end":{"line":135,"column":29},"skip":true},{"start":{"line":136,"column":26},"end":{"line":136,"column":54},"skip":true}]},"17":{"line":164,"type":"binary-expr","locations":[{"start":{"line":164,"column":27},"end":{"line":164,"column":43},"skip":true},{"start":{"line":164,"column":47},"end":{"line":164,"column":49},"skip":true}]},"18":{"line":258,"type":"if","locations":[{"start":{"line":258,"column":8},"end":{"line":258,"column":8},"skip":true},{"start":{"line":258,"column":8},"end":{"line":258,"column":8},"skip":true}]},"19":{"line":275,"type":"switch","locations":[{"start":{"line":276,"column":20},"end":{"line":277,"column":64},"skip":true},{"start":{"line":278,"column":20},"end":{"line":279,"column":40},"skip":true},{"start":{"line":280,"column":20},"end":{"line":281,"column":40},"skip":true},{"start":{"line":282,"column":20},"end":{"line":283,"column":39},"skip":true}]},"20":{"line":288,"type":"if","locations":[{"start":{"line":288,"column":8},"end":{"line":288,"column":8},"skip":true},{"start":{"line":288,"column":8},"end":{"line":288,"column":8},"skip":true}]},"21":{"line":288,"type":"binary-expr","locations":[{"start":{"line":288,"column":12},"end":{"line":288,"column":40},"skip":true},{"start":{"line":288,"column":44},"end":{"line":288,"column":67},"skip":true}]},"22":{"line":292,"type":"binary-expr","locations":[{"start":{"line":292,"column":12},"end":{"line":292,"column":50},"skip":true},{"start":{"line":293,"column":12},"end":{"line":293,"column":53},"skip":true}]},"23":{"line":297,"type":"binary-expr","locations":[{"start":{"line":297,"column":12},"end":{"line":297,"column":74},"skip":true},{"start":{"line":298,"column":12},"end":{"line":301,"column":36},"skip":true}]},"24":{"line":303,"type":"binary-expr","locations":[{"start":{"line":303,"column":43},"end":{"line":303,"column":75},"skip":true},{"start":{"line":303,"column":79},"end":{"line":303,"column":81},"skip":true}]},"25":{"line":306,"type":"if","locations":[{"start":{"line":306,"column":8},"end":{"line":306,"column":8},"skip":true},{"start":{"line":306,"column":8},"end":{"line":306,"column":8},"skip":true}]},"26":{"line":310,"type":"if","locations":[{"start":{"line":310,"column":8},"end":{"line":310,"column":8},"skip":true},{"start":{"line":310,"column":8},"end":{"line":310,"column":8},"skip":true}]},"27":{"line":313,"type":"binary-expr","locations":[{"start":{"line":313,"column":27},"end":{"line":313,"column":43},"skip":true},{"start":{"line":313,"column":47},"end":{"line":313,"column":53},"skip":true}]},"28":{"line":317,"type":"if","locations":[{"start":{"line":317,"column":12},"end":{"line":317,"column":12},"skip":true},{"start":{"line":317,"column":12},"end":{"line":317,"column":12},"skip":true}]}},"code":["/*","example.js","","quickstart example","","instruction","    1. save this script as example.js","    2. run the shell command:","        $ npm install npmtest-rss-feed-emitter && PORT=8081 node example.js","    3. play with the browser-demo on http://127.0.0.1:8081","*/","","","","/* istanbul instrument in package npmtest_rss_feed_emitter */","/*jslint","    bitwise: true,","    browser: true,","    maxerr: 8,","    maxlen: 96,","    node: true,","    nomen: true,","    regexp: true,","    stupid: true","*/","(function () {","    'use strict';","    var local;","","","","    // run shared js-env code - init-before","    (function () {","        // init local","        local = {};","        // init modeJs","        local.modeJs = (function () {","            try {","                return typeof navigator.userAgent === 'string' &&","                    typeof document.querySelector('body') === 'object' &&","                    typeof XMLHttpRequest.prototype.open === 'function' &&","                    'browser';","            } catch (errorCaughtBrowser) {","                return module.exports &&","                    typeof process.versions.node === 'string' &&","                    typeof require('http').createServer === 'function' &&","                    'node';","            }","        }());","        // init global","        local.global = local.modeJs === 'browser'","            ? window","            : global;","        // init utility2_rollup","        local = local.global.utility2_rollup || (local.modeJs === 'browser'","            ? local.global.utility2_npmtest_rss_feed_emitter","            : global.utility2_moduleExports);","        // export local","        local.global.local = local;","    }());","    switch (local.modeJs) {","","","","    // init-after","    // run browser js-env code - init-after","    /* istanbul ignore next */","    case 'browser':","        local.testRunBrowser = function (event) {","            if (!event || (event &&","                    event.currentTarget &&","                    event.currentTarget.className &&","                    event.currentTarget.className.includes &&","                    event.currentTarget.className.includes('onreset'))) {","                // reset output","                Array.from(","                    document.querySelectorAll('body > .resettable')","                ).forEach(function (element) {","                    switch (element.tagName) {","                    case 'INPUT':","                    case 'TEXTAREA':","                        element.value = '';","                        break;","                    default:","                        element.textContent = '';","                    }","                });","            }","            switch (event && event.currentTarget && event.currentTarget.id) {","            case 'testRunButton1':","                // show tests","                if (document.querySelector('#testReportDiv1').style.display === 'none') {","                    document.querySelector('#testReportDiv1').style.display = 'block';","                    document.querySelector('#testRunButton1').textContent =","                        'hide internal test';","                    local.modeTest = true;","                    local.testRunDefault(local);","                // hide tests","                } else {","                    document.querySelector('#testReportDiv1').style.display = 'none';","                    document.querySelector('#testRunButton1').textContent = 'run internal test';","                }","                break;","            // custom-case","            default:","                break;","            }","            if (document.querySelector('#inputTextareaEval1') && (!event || (event &&","                    event.currentTarget &&","                    event.currentTarget.className &&","                    event.currentTarget.className.includes &&","                    event.currentTarget.className.includes('oneval')))) {","                // try to eval input-code","                try {","                    /*jslint evil: true*/","                    eval(document.querySelector('#inputTextareaEval1').value);","                } catch (errorCaught) {","                    console.error(errorCaught);","                }","            }","        };","        // log stderr and stdout to #outputTextareaStdout1","        ['error', 'log'].forEach(function (key) {","            console[key + '_original'] = console[key];","            console[key] = function () {","                var element;","                console[key + '_original'].apply(console, arguments);","                element = document.querySelector('#outputTextareaStdout1');","                if (!element) {","                    return;","                }","                // append text to #outputTextareaStdout1","                element.value += Array.from(arguments).map(function (arg) {","                    return typeof arg === 'string'","                        ? arg","                        : JSON.stringify(arg, null, 4);","                }).join(' ') + '\\n';","                // scroll textarea to bottom","                element.scrollTop = element.scrollHeight;","            };","        });","        // init event-handling","        ['change', 'click', 'keyup'].forEach(function (event) {","            Array.from(document.querySelectorAll('.on' + event)).forEach(function (element) {","                element.addEventListener(event, local.testRunBrowser);","            });","        });","        // run tests","        local.testRunBrowser();","        break;","","","","    // run node js-env code - init-after","    /* istanbul ignore next */","    case 'node':","        // export local","        module.exports = local;","        // require modules","        local.fs = require('fs');","        local.http = require('http');","        local.url = require('url');","        // init assets","        local.assetsDict = local.assetsDict || {};","        /* jslint-ignore-begin */","        local.assetsDict['/assets.index.template.html'] = '\\","<!doctype html>\\n\\","<html lang=\"en\">\\n\\","<head>\\n\\","<meta charset=\"UTF-8\">\\n\\","<meta name=\"viewport\" content=\"width=device-width, initial-scale=1\">\\n\\","<title>{{env.npm_package_name}} (v{{env.npm_package_version}})</title>\\n\\","<style>\\n\\","/*csslint\\n\\","    box-sizing: false,\\n\\","    universal-selector: false\\n\\","*/\\n\\","* {\\n\\","    box-sizing: border-box;\\n\\","}\\n\\","body {\\n\\","    background: #dde;\\n\\","    font-family: Arial, Helvetica, sans-serif;\\n\\","    margin: 2rem;\\n\\","}\\n\\","body > * {\\n\\","    margin-bottom: 1rem;\\n\\","}\\n\\",".utility2FooterDiv {\\n\\","    margin-top: 20px;\\n\\","    text-align: center;\\n\\","}\\n\\","</style>\\n\\","<style>\\n\\","/*csslint\\n\\","*/\\n\\","textarea {\\n\\","    font-family: monospace;\\n\\","    height: 10rem;\\n\\","    width: 100%;\\n\\","}\\n\\","textarea[readonly] {\\n\\","    background: #ddd;\\n\\","}\\n\\","</style>\\n\\","</head>\\n\\","<body>\\n\\","<!-- utility2-comment\\n\\","<div id=\"ajaxProgressDiv1\" style=\"background: #d00; height: 2px; left: 0; margin: 0; padding: 0; position: fixed; top: 0; transition: background 0.5s, width 1.5s; width: 25%;\"></div>\\n\\","utility2-comment -->\\n\\","<h1>\\n\\","<!-- utility2-comment\\n\\","    <a\\n\\","        {{#if env.npm_package_homepage}}\\n\\","        href=\"{{env.npm_package_homepage}}\"\\n\\","        {{/if env.npm_package_homepage}}\\n\\","        target=\"_blank\"\\n\\","    >\\n\\","utility2-comment -->\\n\\","        {{env.npm_package_name}} (v{{env.npm_package_version}})\\n\\","<!-- utility2-comment\\n\\","    </a>\\n\\","utility2-comment -->\\n\\","</h1>\\n\\","<h3>{{env.npm_package_description}}</h3>\\n\\","<!-- utility2-comment\\n\\","<h4><a download href=\"assets.app.js\">download standalone app</a></h4>\\n\\","<button class=\"onclick onreset\" id=\"testRunButton1\">run internal test</button><br>\\n\\","<div id=\"testReportDiv1\" style=\"display: none;\"></div>\\n\\","utility2-comment -->\\n\\","\\n\\","\\n\\","\\n\\","<label>stderr and stdout</label>\\n\\","<textarea class=\"resettable\" id=\"outputTextareaStdout1\" readonly></textarea>\\n\\","<!-- utility2-comment\\n\\","{{#if isRollup}}\\n\\","<script src=\"assets.app.js\"></script>\\n\\","{{#unless isRollup}}\\n\\","utility2-comment -->\\n\\","<script src=\"assets.utility2.rollup.js\"></script>\\n\\","<script src=\"jsonp.utility2._stateInit?callback=window.utility2._stateInit\"></script>\\n\\","<script src=\"assets.npmtest_rss_feed_emitter.rollup.js\"></script>\\n\\","<script src=\"assets.example.js\"></script>\\n\\","<script src=\"assets.test.js\"></script>\\n\\","<!-- utility2-comment\\n\\","{{/if isRollup}}\\n\\","utility2-comment -->\\n\\","<div class=\"utility2FooterDiv\">\\n\\","    [ this app was created with\\n\\","    <a href=\"https://github.com/kaizhu256/node-utility2\" target=\"_blank\">utility2</a>\\n\\","    ]\\n\\","</div>\\n\\","</body>\\n\\","</html>\\n\\","';","        /* jslint-ignore-end */","        if (local.templateRender) {","            local.assetsDict['/'] = local.templateRender(","                local.assetsDict['/assets.index.template.html'],","                {","                    env: local.objectSetDefault(local.env, {","                        npm_package_description: 'the greatest app in the world!',","                        npm_package_name: 'my-app',","                        npm_package_nameAlias: 'my_app',","                        npm_package_version: '0.0.1'","                    })","                }","            );","        } else {","            local.assetsDict['/'] = local.assetsDict['/assets.index.template.html']","                .replace((/\\{\\{env\\.(\\w+?)\\}\\}/g), function (match0, match1) {","                    // jslint-hack","                    String(match0);","                    switch (match1) {","                    case 'npm_package_description':","                        return 'the greatest app in the world!';","                    case 'npm_package_name':","                        return 'my-app';","                    case 'npm_package_nameAlias':","                        return 'my_app';","                    case 'npm_package_version':","                        return '0.0.1';","                    }","                });","        }","        // run the cli","        if (local.global.utility2_rollup || module !== require.main) {","            break;","        }","        local.assetsDict['/assets.example.js'] =","            local.assetsDict['/assets.example.js'] ||","            local.fs.readFileSync(__filename, 'utf8');","        // bug-workaround - long $npm_package_buildCustomOrg","        /* jslint-ignore-begin */","        local.assetsDict['/assets.npmtest_rss_feed_emitter.rollup.js'] =","            local.assetsDict['/assets.npmtest_rss_feed_emitter.rollup.js'] ||","            local.fs.readFileSync(","                local.npmtest_rss_feed_emitter.__dirname + '/lib.npmtest_rss_feed_emitter.js',","                'utf8'","            ).replace((/^#!/), '//');","        /* jslint-ignore-end */","        local.assetsDict['/favicon.ico'] = local.assetsDict['/favicon.ico'] || '';","        // if $npm_config_timeout_exit exists,","        // then exit this process after $npm_config_timeout_exit ms","        if (Number(process.env.npm_config_timeout_exit)) {","            setTimeout(process.exit, Number(process.env.npm_config_timeout_exit));","        }","        // start server","        if (local.global.utility2_serverHttp1) {","            break;","        }","        process.env.PORT = process.env.PORT || '8081';","        console.error('server starting on port ' + process.env.PORT);","        local.http.createServer(function (request, response) {","            request.urlParsed = local.url.parse(request.url);","            if (local.assetsDict[request.urlParsed.pathname] !== undefined) {","                response.end(local.assetsDict[request.urlParsed.pathname]);","                return;","            }","            response.statusCode = 404;","            response.end();","        }).listen(process.env.PORT);","        break;","    }","}());",""],"l":{"26":2,"28":2,"33":2,"35":2,"37":2,"38":2,"39":2,"44":1,"51":2,"55":2,"59":2,"61":2,"69":1,"70":2,"76":2,"79":2,"82":2,"83":2,"85":1,"89":2,"92":1,"93":1,"94":1,"96":1,"97":1,"100":1,"101":1,"103":1,"106":1,"108":2,"114":1,"116":1,"118":1,"123":1,"124":2,"125":2,"126":3,"127":3,"128":3,"129":3,"130":1,"133":3,"134":3,"139":3,"143":1,"144":3,"145":1,"149":1,"150":1,"158":1,"160":1,"161":1,"162":1,"164":1,"166":1,"258":1,"259":1,"271":1,"274":6,"275":6,"277":1,"279":2,"281":1,"283":2,"288":1,"289":1,"291":1,"296":1,"303":1,"306":1,"307":1,"310":1,"311":1,"313":1,"314":1,"315":1,"316":1,"317":1,"318":1,"319":1,"321":1,"322":1,"324":1}},"/home/travis/build/npmtest/node-npmtest-rss-feed-emitter/node_modules/rss-feed-emitter/dist/rss-feed-emitter.js":{"path":"/home/travis/build/npmtest/node-npmtest-rss-feed-emitter/node_modules/rss-feed-emitter/dist/rss-feed-emitter.js","s":{"1":1,"2":1,"3":1,"4":1,"5":13,"6":13,"7":13,"8":13,"9":13,"10":13,"11":1,"12":1,"13":1,"14":1,"15":0,"16":1,"17":1,"18":1,"19":1,"20":1,"21":1,"22":1,"23":1,"24":1,"25":1,"26":1,"27":1,"28":1,"29":0,"30":1,"31":1,"32":1,"33":223,"34":223,"35":1,"36":1,"37":1,"38":4,"39":1,"40":0,"41":0,"42":1,"43":0,"44":0,"45":0,"46":1,"47":1,"48":0,"49":1,"50":1,"51":1,"52":1,"53":1,"54":1,"55":0,"56":0,"57":0,"58":0,"59":0,"60":0,"61":0,"62":1,"63":0,"64":0,"65":0,"66":0,"67":0,"68":0,"69":0,"70":0,"71":0,"72":0,"73":0,"74":0,"75":0,"76":0,"77":0,"78":0,"79":0,"80":0,"81":0,"82":0,"83":0,"84":0,"85":0,"86":0,"87":0,"88":0,"89":0,"90":0,"91":0,"92":1,"93":0,"94":0,"95":0,"96":0,"97":1,"98":0,"99":0,"100":0,"101":0,"102":1,"103":0,"104":0,"105":1,"106":0,"107":1,"108":0,"109":0,"110":0,"111":0,"112":0,"113":1,"114":0,"115":0,"116":0,"117":0,"118":0,"119":0,"120":0,"121":0,"122":0,"123":0,"124":0,"125":0,"126":0,"127":0,"128":0,"129":0,"130":1,"131":0,"132":0,"133":0,"134":0,"135":1,"136":0,"137":0,"138":0,"139":0,"140":0,"141":0,"142":0,"143":0,"144":0,"145":0,"146":1,"147":0,"148":1,"149":1,"150":1},"b":{"1":[13,13],"2":[13,0],"3":[1,0],"4":[0,1],"5":[0,1],"6":[1,1],"7":[1,0],"8":[223,0],"9":[0,4],"10":[4,4],"11":[0,0],"12":[0,0],"13":[0,0],"14":[0,0,0],"15":[0,1],"16":[1,0],"17":[1,1],"18":[1,0],"19":[1,0],"20":[0,0],"21":[0,0],"22":[0,0],"23":[0,0],"24":[0,0],"25":[0,0],"26":[0,0],"27":[0,0,0],"28":[0,0],"29":[0,0],"30":[0,0],"31":[0,0],"32":[0,0],"33":[0,0],"34":[0,0],"35":[0,0],"36":[0,0]},"f":{"1":1,"2":1,"3":1,"4":1,"5":4,"6":0,"7":0,"8":1,"9":1,"10":0,"11":0,"12":0,"13":0,"14":0,"15":0,"16":0,"17":0,"18":0,"19":0,"20":0,"21":0,"22":0,"23":0,"24":0,"25":0,"26":0,"27":0,"28":0,"29":0,"30":0,"31":0,"32":0,"33":0,"34":0,"35":0,"36":0,"37":0,"38":0},"fnMap":{"1":{"name":"(anonymous_1)","line":10,"loc":{"start":{"line":10,"column":19},"end":{"line":10,"column":31}}},"2":{"name":"defineProperties","line":10,"loc":{"start":{"line":10,"column":33},"end":{"line":10,"column":74}}},"3":{"name":"(anonymous_3)","line":10,"loc":{"start":{"line":10,"column":357},"end":{"line":10,"column":405}}},"4":{"name":"_interopRequireWildcard","line":32,"loc":{"start":{"line":32,"column":0},"end":{"line":32,"column":38}}},"5":{"name":"_interopRequireDefault","line":34,"loc":{"start":{"line":34,"column":0},"end":{"line":34,"column":37}}},"6":{"name":"_classCallCheck","line":36,"loc":{"start":{"line":36,"column":0},"end":{"line":36,"column":48}}},"7":{"name":"_possibleConstructorReturn","line":38,"loc":{"start":{"line":38,"column":0},"end":{"line":38,"column":48}}},"8":{"name":"_inherits","line":40,"loc":{"start":{"line":40,"column":0},"end":{"line":40,"column":41}}},"9":{"name":"(anonymous_9)","line":62,"loc":{"start":{"line":62,"column":21},"end":{"line":62,"column":45}}},"10":{"name":"RssFeedEmitter","line":67,"loc":{"start":{"line":67,"column":2},"end":{"line":67,"column":28}}},"11":{"name":"add","line":115,"loc":{"start":{"line":115,"column":11},"end":{"line":115,"column":40}}},"12":{"name":"remove","line":148,"loc":{"start":{"line":148,"column":11},"end":{"line":148,"column":32}}},"13":{"name":"list","line":176,"loc":{"start":{"line":176,"column":11},"end":{"line":176,"column":27}}},"14":{"name":"destroy","line":186,"loc":{"start":{"line":186,"column":11},"end":{"line":186,"column":30}}},"15":{"name":"_validateFeedObject","line":212,"loc":{"start":{"line":212,"column":11},"end":{"line":212,"column":46}}},"16":{"name":"_addOrUpdateFeedList","line":245,"loc":{"start":{"line":245,"column":11},"end":{"line":245,"column":47}}},"17":{"name":"_findFeed","line":266,"loc":{"start":{"line":266,"column":11},"end":{"line":266,"column":36}}},"18":{"name":"_findItem","line":281,"loc":{"start":{"line":281,"column":11},"end":{"line":281,"column":42}}},"19":{"name":"_addToFeedList","line":294,"loc":{"start":{"line":294,"column":11},"end":{"line":294,"column":41}}},"20":{"name":"_createSetInterval","line":321,"loc":{"start":{"line":321,"column":11},"end":{"line":321,"column":45}}},"21":{"name":"getContent","line":345,"loc":{"start":{"line":345,"column":6},"end":{"line":345,"column":28}}},"22":{"name":"(anonymous_22)","line":347,"loc":{"start":{"line":347,"column":167},"end":{"line":347,"column":184}}},"23":{"name":"findFeed","line":366,"loc":{"start":{"line":366,"column":8},"end":{"line":366,"column":32}}},"24":{"name":"redefineItemHistoryMaxLength","line":399,"loc":{"start":{"line":399,"column":8},"end":{"line":399,"column":52}}},"25":{"name":"sortItemsByDate","line":408,"loc":{"start":{"line":408,"column":8},"end":{"line":408,"column":39}}},"26":{"name":"identifyOnlyNewItems","line":414,"loc":{"start":{"line":414,"column":8},"end":{"line":414,"column":44}}},"27":{"name":"(anonymous_27)","line":420,"loc":{"start":{"line":420,"column":44},"end":{"line":420,"column":67}}},"28":{"name":"populateNewItemsInFeed","line":440,"loc":{"start":{"line":440,"column":8},"end":{"line":440,"column":46}}},"29":{"name":"(anonymous_29)","line":442,"loc":{"start":{"line":442,"column":32},"end":{"line":442,"column":48}}},"30":{"name":"_removeFromFeedList","line":464,"loc":{"start":{"line":464,"column":11},"end":{"line":464,"column":46}}},"31":{"name":"_addItemToItemList","line":479,"loc":{"start":{"line":479,"column":11},"end":{"line":479,"column":51}}},"32":{"name":"_fetchFeed","line":495,"loc":{"start":{"line":495,"column":11},"end":{"line":495,"column":40}}},"33":{"name":"(anonymous_33)","line":499,"loc":{"start":{"line":499,"column":36},"end":{"line":499,"column":63}}},"34":{"name":"requestOnResponse","line":533,"loc":{"start":{"line":533,"column":8},"end":{"line":533,"column":40}}},"35":{"name":"requestOnError","line":551,"loc":{"start":{"line":551,"column":8},"end":{"line":551,"column":47}}},"36":{"name":"(anonymous_36)","line":569,"loc":{"start":{"line":569,"column":34},"end":{"line":569,"column":46}}},"37":{"name":"(anonymous_37)","line":587,"loc":{"start":{"line":587,"column":31},"end":{"line":587,"column":43}}},"38":{"name":"finish","line":601,"loc":{"start":{"line":601,"column":8},"end":{"line":601,"column":26}}}},"statementMap":{"1":{"start":{"line":6,"column":0},"end":{"line":8,"column":3}},"2":{"start":{"line":10,"column":0},"end":{"line":10,"column":564}},"3":{"start":{"line":10,"column":33},"end":{"line":10,"column":349}},"4":{"start":{"line":10,"column":76},"end":{"line":10,"column":347}},"5":{"start":{"line":10,"column":117},"end":{"line":10,"column":143}},"6":{"start":{"line":10,"column":144},"end":{"line":10,"column":199}},"7":{"start":{"line":10,"column":200},"end":{"line":10,"column":231}},"8":{"start":{"line":10,"column":232},"end":{"line":10,"column":286}},"9":{"start":{"line":10,"column":259},"end":{"line":10,"column":286}},"10":{"start":{"line":10,"column":287},"end":{"line":10,"column":345}},"11":{"start":{"line":10,"column":350},"end":{"line":10,"column":559}},"12":{"start":{"line":10,"column":407},"end":{"line":10,"column":475}},"13":{"start":{"line":10,"column":423},"end":{"line":10,"column":475}},"14":{"start":{"line":10,"column":476},"end":{"line":10,"column":536}},"15":{"start":{"line":10,"column":493},"end":{"line":10,"column":536}},"16":{"start":{"line":10,"column":537},"end":{"line":10,"column":556}},"17":{"start":{"line":12,"column":0},"end":{"line":12,"column":43}},"18":{"start":{"line":14,"column":0},"end":{"line":14,"column":57}},"19":{"start":{"line":16,"column":0},"end":{"line":16,"column":32}},"20":{"start":{"line":18,"column":0},"end":{"line":18,"column":41}},"21":{"start":{"line":20,"column":0},"end":{"line":20,"column":34}},"22":{"start":{"line":22,"column":0},"end":{"line":22,"column":49}},"23":{"start":{"line":24,"column":0},"end":{"line":24,"column":40}},"24":{"start":{"line":26,"column":0},"end":{"line":26,"column":55}},"25":{"start":{"line":28,"column":0},"end":{"line":28,"column":36}},"26":{"start":{"line":30,"column":0},"end":{"line":30,"column":51}},"27":{"start":{"line":32,"column":0},"end":{"line":32,"column":269}},"28":{"start":{"line":32,"column":40},"end":{"line":32,"column":267}},"29":{"start":{"line":32,"column":69},"end":{"line":32,"column":80}},"30":{"start":{"line":32,"column":90},"end":{"line":32,"column":106}},"31":{"start":{"line":32,"column":107},"end":{"line":32,"column":228}},"32":{"start":{"line":32,"column":126},"end":{"line":32,"column":226}},"33":{"start":{"line":32,"column":149},"end":{"line":32,"column":224}},"34":{"start":{"line":32,"column":201},"end":{"line":32,"column":224}},"35":{"start":{"line":32,"column":229},"end":{"line":32,"column":250}},"36":{"start":{"line":32,"column":251},"end":{"line":32,"column":265}},"37":{"start":{"line":34,"column":0},"end":{"line":34,"column":95}},"38":{"start":{"line":34,"column":39},"end":{"line":34,"column":93}},"39":{"start":{"line":36,"column":0},"end":{"line":36,"column":153}},"40":{"start":{"line":36,"column":50},"end":{"line":36,"column":151}},"41":{"start":{"line":36,"column":92},"end":{"line":36,"column":149}},"42":{"start":{"line":38,"column":0},"end":{"line":38,"column":240}},"43":{"start":{"line":38,"column":50},"end":{"line":38,"column":151}},"44":{"start":{"line":38,"column":63},"end":{"line":38,"column":149}},"45":{"start":{"line":38,"column":152},"end":{"line":38,"column":238}},"46":{"start":{"line":40,"column":0},"end":{"line":40,"column":494}},"47":{"start":{"line":40,"column":43},"end":{"line":40,"column":208}},"48":{"start":{"line":40,"column":106},"end":{"line":40,"column":206}},"49":{"start":{"line":40,"column":209},"end":{"line":40,"column":373}},"50":{"start":{"line":40,"column":374},"end":{"line":40,"column":492}},"51":{"start":{"line":40,"column":390},"end":{"line":40,"column":492}},"52":{"start":{"line":62,"column":0},"end":{"line":610,"column":25}},"53":{"start":{"line":63,"column":2},"end":{"line":63,"column":42}},"54":{"start":{"line":67,"column":2},"end":{"line":95,"column":3}},"55":{"start":{"line":68,"column":4},"end":{"line":68,"column":90}},"56":{"start":{"line":70,"column":4},"end":{"line":70,"column":42}},"57":{"start":{"line":74,"column":4},"end":{"line":74,"column":129}},"58":{"start":{"line":80,"column":4},"end":{"line":80,"column":25}},"59":{"start":{"line":85,"column":4},"end":{"line":85,"column":120}},"60":{"start":{"line":92,"column":4},"end":{"line":92,"column":39}},"61":{"start":{"line":94,"column":4},"end":{"line":94,"column":17}},"62":{"start":{"line":113,"column":2},"end":{"line":607,"column":6}},"63":{"start":{"line":120,"column":6},"end":{"line":120,"column":47}},"64":{"start":{"line":125,"column":6},"end":{"line":127,"column":8}},"65":{"start":{"line":131,"column":6},"end":{"line":131,"column":74}},"66":{"start":{"line":136,"column":6},"end":{"line":136,"column":49}},"67":{"start":{"line":139,"column":6},"end":{"line":139,"column":28}},"68":{"start":{"line":152,"column":6},"end":{"line":158,"column":7}},"69":{"start":{"line":154,"column":8},"end":{"line":157,"column":10}},"70":{"start":{"line":162,"column":6},"end":{"line":164,"column":9}},"71":{"start":{"line":168,"column":6},"end":{"line":168,"column":44}},"72":{"start":{"line":178,"column":6},"end":{"line":178,"column":28}},"73":{"start":{"line":192,"column":6},"end":{"line":197,"column":7}},"74":{"start":{"line":194,"column":8},"end":{"line":194,"column":37}},"75":{"start":{"line":196,"column":8},"end":{"line":196,"column":39}},"76":{"start":{"line":214,"column":6},"end":{"line":220,"column":7}},"77":{"start":{"line":216,"column":8},"end":{"line":219,"column":10}},"78":{"start":{"line":222,"column":6},"end":{"line":228,"column":7}},"79":{"start":{"line":224,"column":8},"end":{"line":227,"column":10}},"80":{"start":{"line":230,"column":6},"end":{"line":236,"column":7}},"81":{"start":{"line":232,"column":8},"end":{"line":235,"column":10}},"82":{"start":{"line":248,"column":6},"end":{"line":248,"column":44}},"83":{"start":{"line":252,"column":6},"end":{"line":255,"column":7}},"84":{"start":{"line":254,"column":8},"end":{"line":254,"column":45}},"85":{"start":{"line":258,"column":6},"end":{"line":258,"column":39}},"86":{"start":{"line":268,"column":6},"end":{"line":270,"column":9}},"87":{"start":{"line":283,"column":6},"end":{"line":286,"column":9}},"88":{"start":{"line":299,"column":6},"end":{"line":299,"column":22}},"89":{"start":{"line":306,"column":6},"end":{"line":306,"column":55}},"90":{"start":{"line":310,"column":6},"end":{"line":310,"column":32}},"91":{"start":{"line":324,"column":6},"end":{"line":324,"column":26}},"92":{"start":{"line":345,"column":6},"end":{"line":447,"column":7}},"93":{"start":{"line":347,"column":8},"end":{"line":360,"column":11}},"94":{"start":{"line":353,"column":10},"end":{"line":356,"column":11}},"95":{"start":{"line":355,"column":12},"end":{"line":355,"column":19}},"96":{"start":{"line":359,"column":10},"end":{"line":359,"column":40}},"97":{"start":{"line":366,"column":8},"end":{"line":389,"column":9}},"98":{"start":{"line":370,"column":10},"end":{"line":372,"column":13}},"99":{"start":{"line":378,"column":10},"end":{"line":384,"column":11}},"100":{"start":{"line":380,"column":12},"end":{"line":383,"column":14}},"101":{"start":{"line":388,"column":10},"end":{"line":388,"column":32}},"102":{"start":{"line":399,"column":8},"end":{"line":404,"column":9}},"103":{"start":{"line":401,"column":10},"end":{"line":401,"column":45}},"104":{"start":{"line":403,"column":10},"end":{"line":403,"column":86}},"105":{"start":{"line":408,"column":8},"end":{"line":411,"column":9}},"106":{"start":{"line":410,"column":10},"end":{"line":410,"column":52}},"107":{"start":{"line":414,"column":8},"end":{"line":436,"column":9}},"108":{"start":{"line":420,"column":10},"end":{"line":435,"column":13}},"109":{"start":{"line":423,"column":12},"end":{"line":423,"column":81}},"110":{"start":{"line":427,"column":12},"end":{"line":430,"column":13}},"111":{"start":{"line":429,"column":14},"end":{"line":429,"column":27}},"112":{"start":{"line":434,"column":12},"end":{"line":434,"column":31}},"113":{"start":{"line":440,"column":8},"end":{"line":446,"column":9}},"114":{"start":{"line":442,"column":10},"end":{"line":445,"column":13}},"115":{"start":{"line":444,"column":12},"end":{"line":444,"column":57}},"116":{"start":{"line":452,"column":6},"end":{"line":452,"column":19}},"117":{"start":{"line":455,"column":6},"end":{"line":455,"column":51}},"118":{"start":{"line":466,"column":6},"end":{"line":469,"column":7}},"119":{"start":{"line":468,"column":8},"end":{"line":468,"column":15}},"120":{"start":{"line":471,"column":6},"end":{"line":471,"column":38}},"121":{"start":{"line":472,"column":6},"end":{"line":472,"column":50}},"122":{"start":{"line":482,"column":6},"end":{"line":482,"column":28}},"123":{"start":{"line":485,"column":6},"end":{"line":485,"column":66}},"124":{"start":{"line":488,"column":6},"end":{"line":488,"column":34}},"125":{"start":{"line":496,"column":6},"end":{"line":496,"column":24}},"126":{"start":{"line":499,"column":6},"end":{"line":605,"column":9}},"127":{"start":{"line":502,"column":8},"end":{"line":502,"column":52}},"128":{"start":{"line":507,"column":8},"end":{"line":510,"column":10}},"129":{"start":{"line":514,"column":8},"end":{"line":528,"column":27}},"130":{"start":{"line":533,"column":8},"end":{"line":547,"column":9}},"131":{"start":{"line":535,"column":10},"end":{"line":535,"column":29}},"132":{"start":{"line":537,"column":10},"end":{"line":546,"column":11}},"133":{"start":{"line":539,"column":12},"end":{"line":543,"column":14}},"134":{"start":{"line":545,"column":12},"end":{"line":545,"column":26}},"135":{"start":{"line":551,"column":8},"end":{"line":564,"column":9}},"136":{"start":{"line":553,"column":10},"end":{"line":563,"column":11}},"137":{"start":{"line":555,"column":12},"end":{"line":560,"column":14}},"138":{"start":{"line":562,"column":12},"end":{"line":562,"column":26}},"139":{"start":{"line":569,"column":8},"end":{"line":581,"column":11}},"140":{"start":{"line":572,"column":10},"end":{"line":572,"column":39}},"141":{"start":{"line":577,"column":10},"end":{"line":577,"column":35}},"142":{"start":{"line":580,"column":10},"end":{"line":580,"column":32}},"143":{"start":{"line":587,"column":8},"end":{"line":597,"column":11}},"144":{"start":{"line":589,"column":10},"end":{"line":594,"column":12}},"145":{"start":{"line":596,"column":10},"end":{"line":596,"column":24}},"146":{"start":{"line":601,"column":8},"end":{"line":604,"column":9}},"147":{"start":{"line":603,"column":10},"end":{"line":603,"column":24}},"148":{"start":{"line":609,"column":2},"end":{"line":609,"column":24}},"149":{"start":{"line":615,"column":0},"end":{"line":615,"column":33}},"150":{"start":{"line":616,"column":0},"end":{"line":616,"column":36}}},"branchMap":{"1":{"line":10,"type":"binary-expr","locations":[{"start":{"line":10,"column":168},"end":{"line":10,"column":189}},{"start":{"line":10,"column":193},"end":{"line":10,"column":198}}]},"2":{"line":10,"type":"if","locations":[{"start":{"line":10,"column":232},"end":{"line":10,"column":232}},{"start":{"line":10,"column":232},"end":{"line":10,"column":232}}]},"3":{"line":10,"type":"if","locations":[{"start":{"line":10,"column":407},"end":{"line":10,"column":407}},{"start":{"line":10,"column":407},"end":{"line":10,"column":407}}]},"4":{"line":10,"type":"if","locations":[{"start":{"line":10,"column":476},"end":{"line":10,"column":476}},{"start":{"line":10,"column":476},"end":{"line":10,"column":476}}]},"5":{"line":32,"type":"if","locations":[{"start":{"line":32,"column":40},"end":{"line":32,"column":40}},{"start":{"line":32,"column":40},"end":{"line":32,"column":40}}]},"6":{"line":32,"type":"binary-expr","locations":[{"start":{"line":32,"column":44},"end":{"line":32,"column":47}},{"start":{"line":32,"column":51},"end":{"line":32,"column":65}}]},"7":{"line":32,"type":"if","locations":[{"start":{"line":32,"column":107},"end":{"line":32,"column":107}},{"start":{"line":32,"column":107},"end":{"line":32,"column":107}}]},"8":{"line":32,"type":"if","locations":[{"start":{"line":32,"column":149},"end":{"line":32,"column":149}},{"start":{"line":32,"column":149},"end":{"line":32,"column":149}}]},"9":{"line":34,"type":"cond-expr","locations":[{"start":{"line":34,"column":70},"end":{"line":34,"column":73}},{"start":{"line":34,"column":76},"end":{"line":34,"column":92}}]},"10":{"line":34,"type":"binary-expr","locations":[{"start":{"line":34,"column":46},"end":{"line":34,"column":49}},{"start":{"line":34,"column":53},"end":{"line":34,"column":67}}]},"11":{"line":36,"type":"if","locations":[{"start":{"line":36,"column":50},"end":{"line":36,"column":50}},{"start":{"line":36,"column":50},"end":{"line":36,"column":50}}]},"12":{"line":38,"type":"if","locations":[{"start":{"line":38,"column":50},"end":{"line":38,"column":50}},{"start":{"line":38,"column":50},"end":{"line":38,"column":50}}]},"13":{"line":38,"type":"cond-expr","locations":[{"start":{"line":38,"column":226},"end":{"line":38,"column":230}},{"start":{"line":38,"column":233},"end":{"line":38,"column":237}}]},"14":{"line":38,"type":"binary-expr","locations":[{"start":{"line":38,"column":159},"end":{"line":38,"column":163}},{"start":{"line":38,"column":168},"end":{"line":38,"column":192}},{"start":{"line":38,"column":196},"end":{"line":38,"column":222}}]},"15":{"line":40,"type":"if","locations":[{"start":{"line":40,"column":43},"end":{"line":40,"column":43}},{"start":{"line":40,"column":43},"end":{"line":40,"column":43}}]},"16":{"line":40,"type":"binary-expr","locations":[{"start":{"line":40,"column":47},"end":{"line":40,"column":79}},{"start":{"line":40,"column":83},"end":{"line":40,"column":102}}]},"17":{"line":40,"type":"binary-expr","locations":[{"start":{"line":40,"column":244},"end":{"line":40,"column":254}},{"start":{"line":40,"column":258},"end":{"line":40,"column":278}}]},"18":{"line":40,"type":"if","locations":[{"start":{"line":40,"column":374},"end":{"line":40,"column":374}},{"start":{"line":40,"column":374},"end":{"line":40,"column":374}}]},"19":{"line":40,"type":"cond-expr","locations":[{"start":{"line":40,"column":414},"end":{"line":40,"column":457}},{"start":{"line":40,"column":460},"end":{"line":40,"column":491}}]},"20":{"line":68,"type":"cond-expr","locations":[{"start":{"line":68,"column":72},"end":{"line":68,"column":74}},{"start":{"line":68,"column":77},"end":{"line":68,"column":89}}]},"21":{"line":68,"type":"binary-expr","locations":[{"start":{"line":68,"column":18},"end":{"line":68,"column":39}},{"start":{"line":68,"column":43},"end":{"line":68,"column":69}}]},"22":{"line":74,"type":"binary-expr","locations":[{"start":{"line":74,"column":50},"end":{"line":74,"column":74}},{"start":{"line":74,"column":78},"end":{"line":74,"column":115}}]},"23":{"line":85,"type":"binary-expr","locations":[{"start":{"line":85,"column":23},"end":{"line":85,"column":40}},{"start":{"line":85,"column":44},"end":{"line":85,"column":119}}]},"24":{"line":152,"type":"if","locations":[{"start":{"line":152,"column":6},"end":{"line":152,"column":6}},{"start":{"line":152,"column":6},"end":{"line":152,"column":6}}]},"25":{"line":214,"type":"if","locations":[{"start":{"line":214,"column":6},"end":{"line":214,"column":6}},{"start":{"line":214,"column":6},"end":{"line":214,"column":6}}]},"26":{"line":222,"type":"if","locations":[{"start":{"line":222,"column":6},"end":{"line":222,"column":6}},{"start":{"line":222,"column":6},"end":{"line":222,"column":6}}]},"27":{"line":222,"type":"binary-expr","locations":[{"start":{"line":222,"column":10},"end":{"line":222,"column":19}},{"start":{"line":222,"column":23},"end":{"line":222,"column":51}},{"start":{"line":222,"column":55},"end":{"line":222,"column":70}}]},"28":{"line":230,"type":"if","locations":[{"start":{"line":230,"column":6},"end":{"line":230,"column":6}},{"start":{"line":230,"column":6},"end":{"line":230,"column":6}}]},"29":{"line":230,"type":"binary-expr","locations":[{"start":{"line":230,"column":10},"end":{"line":230,"column":22}},{"start":{"line":230,"column":26},"end":{"line":230,"column":58}}]},"30":{"line":252,"type":"if","locations":[{"start":{"line":252,"column":6},"end":{"line":252,"column":6}},{"start":{"line":252,"column":6},"end":{"line":252,"column":6}}]},"31":{"line":353,"type":"if","locations":[{"start":{"line":353,"column":10},"end":{"line":353,"column":10}},{"start":{"line":353,"column":10},"end":{"line":353,"column":10}}]},"32":{"line":378,"type":"if","locations":[{"start":{"line":378,"column":10},"end":{"line":378,"column":10}},{"start":{"line":378,"column":10},"end":{"line":378,"column":10}}]},"33":{"line":427,"type":"if","locations":[{"start":{"line":427,"column":12},"end":{"line":427,"column":12}},{"start":{"line":427,"column":12},"end":{"line":427,"column":12}}]},"34":{"line":466,"type":"if","locations":[{"start":{"line":466,"column":6},"end":{"line":466,"column":6}},{"start":{"line":466,"column":6},"end":{"line":466,"column":6}}]},"35":{"line":537,"type":"if","locations":[{"start":{"line":537,"column":10},"end":{"line":537,"column":10}},{"start":{"line":537,"column":10},"end":{"line":537,"column":10}}]},"36":{"line":553,"type":"if","locations":[{"start":{"line":553,"column":10},"end":{"line":553,"column":10}},{"start":{"line":553,"column":10},"end":{"line":553,"column":10}}]}},"code":["'use strict';","","// TinyEmitter is a really nice Event Emitter. We will extend","// our main class from it.","","Object.defineProperty(exports, \"__esModule\", {","  value: true","});","","var _createClass = function () { function defineProperties(target, props) { for (var i = 0; i < props.length; i++) { var descriptor = props[i]; descriptor.enumerable = descriptor.enumerable || false; descriptor.configurable = true; if (\"value\" in descriptor) descriptor.writable = true; Object.defineProperty(target, descriptor.key, descriptor); } } return function (Constructor, protoProps, staticProps) { if (protoProps) defineProperties(Constructor.prototype, protoProps); if (staticProps) defineProperties(Constructor, staticProps); return Constructor; }; }();","","var _tinyEmitter = require('tiny-emitter');","","var _tinyEmitter2 = _interopRequireDefault(_tinyEmitter);","","var _lodash = require('lodash');","","var _ = _interopRequireWildcard(_lodash);","","var _request = require('request');","","var _request2 = _interopRequireDefault(_request);","","var _feedparser = require('feedparser');","","var _feedparser2 = _interopRequireDefault(_feedparser);","","var _bluebird = require('bluebird');","","var _bluebird2 = _interopRequireDefault(_bluebird);","","function _interopRequireWildcard(obj) { if (obj && obj.__esModule) { return obj; } else { var newObj = {}; if (obj != null) { for (var key in obj) { if (Object.prototype.hasOwnProperty.call(obj, key)) newObj[key] = obj[key]; } } newObj.default = obj; return newObj; } }","","function _interopRequireDefault(obj) { return obj && obj.__esModule ? obj : { default: obj }; }","","function _classCallCheck(instance, Constructor) { if (!(instance instanceof Constructor)) { throw new TypeError(\"Cannot call a class as a function\"); } }","","function _possibleConstructorReturn(self, call) { if (!self) { throw new ReferenceError(\"this hasn't been initialised - super() hasn't been called\"); } return call && (typeof call === \"object\" || typeof call === \"function\") ? call : self; }","","function _inherits(subClass, superClass) { if (typeof superClass !== \"function\" && superClass !== null) { throw new TypeError(\"Super expression must either be null or a function, not \" + typeof superClass); } subClass.prototype = Object.create(superClass && superClass.prototype, { constructor: { value: subClass, enumerable: false, writable: true, configurable: true } }); if (superClass) Object.setPrototypeOf ? Object.setPrototypeOf(subClass, superClass) : subClass.__proto__ = superClass; }","","// Lodash is an utility library and makes life easy to work","// and iterate over arrays, objects and manipulate values.","","","// Request is one of the most popular modules there is to","// make http requests.","","","// Feedparser is the main choice if you want to parse","// rss feeds in XML.","","","// Bluebird empowers the default Promise with new","// and amazing methods.","","","// MAIN CLASS","// This is where we extend from TinyEmitter and absorve","// the #emit and #on methods to emit 'new-item' events","// when we have new feed items.","var RssFeedEmitter = function (_TinyEmitter) {","  _inherits(RssFeedEmitter, _TinyEmitter);","","  // The constructor special method is called everytime","  // we create a new instance of this \"Class\".","  function RssFeedEmitter() {","    var options = arguments.length <= 0 || arguments[0] === undefined ? {} : arguments[0];","","    _classCallCheck(this, RssFeedEmitter);","","    // Also, we are creating a blank array to keep all","    // our feed objects.","    var _this = _possibleConstructorReturn(this, (RssFeedEmitter.__proto__ || Object.getPrototypeOf(RssFeedEmitter)).call(this));","","    // Since this is a \"Class\", you have to call #super method","    // for the parent class initialize it's internals.","","","    _this._feedList = [];","","    // If the user has specified a User Agent","    // we will use that as the 'user-agent' header when","    // making requests, otherwise we use the default option.","    _this._userAgent = options.userAgent || 'Node/RssFeedEmitter (https://github.com/filipedeschamps/rss-feed-emitter)';","","    // This module manages automatically how many feed items","    // it will keep in memory, and basically it will have a","    // maximum history which is how many items the feed has","    // multiplied by this number below. So, if the feed have","    // 10 items, we will keep 30 items max in the history.","    _this._historyLengthMultiplier = 3;","","    return _this;","  }","","  // PUBLIC METHODS","  // Now we are creating the public methods, these are the","  // ones developers will use in their softwares.","  // Remember: if you change a method signature in a way","  // it's not backwards compatible, you created a breaking","  // change, so design them very well.","","","  // ADD","  // The #add method is one of the main ones. Basically it","  // receives one parameter with the feed options, for example:","  // {","  //   url: 'http://www.nintendolife.com/feeds/news',","  //   refresh: 2000","  // }","","  _createClass(RssFeedEmitter, [{","    key: 'add',","    value: function add(userFeedConfig) {","","      // We are going to use a private method to validate","      // the feed object. If it's valid, everything is ok,","      // otherwise it will throw an exception.","      this._validateFeedObject(userFeedConfig);","","      // The developer doesn't need to specify the \"refresh\"","      // property, for example, so this object have the default","      // value.","      var defaultFeedConfig = {","        refresh: 60000","      };","","      // With the #defaults method of Lodash, we can merge the user defined","      // values with the default value we defined before.","      var finalFeedConfig = _.defaults(userFeedConfig, defaultFeedConfig);","","      // This is a cool private method which will add this new feed if","      // it doesn't exist in our feedList or if it does exist,","      // we will update it.","      this._addOrUpdateFeedList(finalFeedConfig);","","      // In the end, return the feedList to the developer.","      return this._feedList;","    }","","    // REMOVE","    // This is a very simple method and its functionality is","    // remove a feed from the feedList.","","  }, {","    key: 'remove',","    value: function remove(url) {","","      // Check if the \"url\" parameter is a string,","      // otherwise throw.","      if (typeof url !== 'string') {","","        throw {","          type: 'type_error',","          message: 'You must call #remove with a string containing the feed url'","        };","      }","","      // Try to find the feed object using the","      // private method #_findFeed","      var feed = this._findFeed({","        url: url","      });","","      // And then remove the feed object from","      // the feedList.","      return this._removeFromFeedList(feed);","    }","","    // LIST","    // Just return the feedList array.","","  }, {","    key: 'list',","    value: function list() {","","      return this._feedList;","    }","","    // DESTROY","    // Remove all feeds from feedList.","","  }, {","    key: 'destroy',","    value: function destroy() {","","      // There's a gotcha here since we are iterating over an array","      // while removing its properties. To do this, we have to use","      // a little trick where you iterate backwards to not scramble","      // the index while you're removing the properties.","      for (var i = this._feedList.length - 1; i >= 0; i--) {","","        var feed = this._feedList[i];","","        this._removeFromFeedList(feed);","      }","    }","","    // PRIVATE METHODS","    // These methods are not suposed to be used by the developer","    // and you can change them without worrying about compatibilities","    // of the public methods.","","    // This is used by the public method #add and will receive","    // a feed object and check if all its properties are valid.","    // If the validation you wan't to make is more complex, I","    // recommend you to use a validation library.","","  }, {","    key: '_validateFeedObject',","    value: function _validateFeedObject(feed) {","","      if (!feed) {","","        throw {","          type: 'type_error',","          message: 'You must call #add method with a feed configuration object.'","        };","      }","","      if (!feed.url || typeof feed.url !== 'string' || feed.url === '') {","","        throw {","          type: 'type_error',","          message: 'Your configuration object should have an \"url\" key with a string value'","        };","      }","","      if (feed.refresh && typeof feed.refresh !== 'number') {","","        throw {","          type: 'type_error',","          message: 'Your configuration object should have a \"refresh\" key with a number value'","        };","      }","    }","","    // This is also used by the public method #add and will","    // add a new feed to feedList or update it if it's","    // already in the list.","","  }, {","    key: '_addOrUpdateFeedList',","    value: function _addOrUpdateFeedList(feed) {","","      // First, try to find the feed in the feedList.","      var feedInList = this._findFeed(feed);","","      // If there's a feed, remove it from the list,","      // since we will add it later again.","      if (feedInList) {","","        this._removeFromFeedList(feedInList);","      }","","      // Now add the feed in the list.","      return this._addToFeedList(feed);","    }","","    // Very simple private method: given a feed object","    // try to find it in the feedList using its \"url\".","","  }, {","    key: '_findFeed',","    value: function _findFeed(feed) {","","      return _.find(this._feedList, {","        url: feed.url","      });","    }","","    // Given a feed and item, try to find","    // it inside the feed item list. We will use","    // this to see if there's already an item inside","    // the feed item list. If there is, we know it's","    // not a new item.","","  }, {","    key: '_findItem',","    value: function _findItem(feed, item) {","","      return _.find(feed.items, {","        link: item.link,","        title: item.title","      });","    }","","    // This is where we create the feed itself and","    // add it to the feedList","","  }, {","    key: '_addToFeedList',","    value: function _addToFeedList(feed) {","","      // First, we add a blank array called \"items\"","      // to the feed object. This is where we will keep the","      // items history.","      feed.items = [];","","      // After this, we will create a setInterval and","      // keep a copy of its reference to be able","      // to clean it later when we remove it.","      // This interval will keep fetching the feed's","      // url for new contents.","      feed.setInterval = this._createSetInterval(feed);","","      // In the end, we need to push this object","      // to the feedList array.","      this._feedList.push(feed);","    }","","    // This method is a little bit complex","    // but also the most important one. It is","    // responsible to keep fetching the RSS","    // for content and emitting events","    // when new items are found.","","  }, {","    key: '_createSetInterval',","    value: function _createSetInterval(feed) {","","      // First, lets keep the \"this\" reference.","      var instance = this;","","      // The getContent function will:","      //","      // 1. call the _fetchFeed to get the content","      //    from the RSS feed.","      //","      // 2. Locate the feed object inside the feedList.","      //","      // 3. Redefine the feed history length (using","      //    the _historyLengthMultiplier variable.","      //","      // 4. Sort the received items by date so we always","      //    work with the items in ascending order","      //","      // 5. Given the items received from the last fetch","      //    and the current items in the feed item list,","      //    select only the new ones.","      //","      // 6. Now take the new ones, push them to the","      //    feed item list and emit while emitting events.","      function getContent() {","","        instance._fetchFeed(feed.url).tap(findFeed).tap(redefineItemHistoryMaxLength).tap(sortItemsByDate).tap(identifyOnlyNewItems).tap(populateNewItemsInFeed).catch(function (error) {","","          // If this chain is iterating over a recently","          // deleted feed, it will not be found in the","          // feedList. If this happens, just ignore","          // silently.","          if (error.type === 'feed_not_found') {","","            return;","          }","","          // Otherwise, emit an \"error\" event","          instance.emit('error', error);","        });","","        // 2. This happens after we got the results from","        // the private method _fetchFeed. Basically we","        // are going to receive a \"data\" object with","        // the feed URL and the feed content.","        function findFeed(data) {","","          // Try to find the feed object inside this instance","          // using the feed url from the fetch.","          var foundFeed = instance._findFeed({","            url: data.feedUrl","          });","","          // If nothing is found, probably we destroyed","          // it in the middle of a fetch. Let's throw an","          // error to get out of this Promise chain, since","          // we can't keep going further.","          if (!foundFeed) {","","            throw {","              type: 'feed_not_found',","              message: 'Feed not found.'","            };","          }","","          // If we found the feed, everything is ok and","          // lets add it to the \"data\" object.","          data.feed = foundFeed;","        }","","        // Since we are managing the max history length,","        // this is a good time to get the items length","        // from the fetched feed, multiply it by the","        // _historyLengthMultiplier and update the","        // feed maxHistoryLength value. This is cool","        // because if the source feed starts to increase","        // or decrese its items quantity, we will ajust","        // automatically how many items we keep in memory.","        function redefineItemHistoryMaxLength(data) {","","          var feedLength = data.items.length;","","          data.feed.maxHistoryLength = feedLength * instance._historyLengthMultiplier;","        }","","        // Sort all received items since we want to","        // emit them in ascending order.","        function sortItemsByDate(data) {","","          data.items = _.sortBy(data.items, 'date');","        }","","        // Put all new items inside a \"newItems\" property","        function identifyOnlyNewItems(data) {","","          // We can do this using the \"filter\" method of the array.","          // The logic behind this is, if you return a \"false\" value,","          // that item will be skipped, but if you return a \"true\"","          // value, it will be added to the final array.","          data.newItems = data.items.filter(function (fetchedItem) {","","            // So, try to find the suposed new item inside the current feed item list.","            var foundItemInsideFeed = instance._findItem(data.feed, fetchedItem);","","            // If you found it, that item is not new, so skip it","            // returning a false value.","            if (foundItemInsideFeed) {","","              return false;","            }","","            // But if we couldn't find it, this means it is a new item and we need","            // to add it to the newItems array. To do this, just return a truthy value.","            return fetchedItem;","          });","        }","","        // Now that we have all the new items, add them to the","        // feed item list.","        function populateNewItemsInFeed(data) {","","          data.newItems.forEach(function (item) {","","            instance._addItemToItemList(data.feed, item);","          });","        }","      }","","      // Call the getContent function to already start getting","      // content, otherwise you will have to wait for a","      // setInterval cicle.","      getContent();","","      // Create and return the setInterval itself.","      return setInterval(getContent, feed.refresh);","    }","","    // This is the inverse of the _addToFeedList method","    // and we will destroy the setInterval and remove","    // the feed from the feedList.","","  }, {","    key: '_removeFromFeedList',","    value: function _removeFromFeedList(feed) {","","      if (!feed) {","","        return;","      }","","      clearInterval(feed.setInterval);","      _.remove(this._feedList, { url: feed.url });","    }","","    // Add a feed item to its item list.","","  }, {","    key: '_addItemToItemList',","    value: function _addItemToItemList(feed, item) {","","      // Push them to the items array.","      feed.items.push(item);","","      // Keep the max history length in control.","      feed.items = _.takeRight(feed.items, feed.maxHistoryLength);","","      // And emit the \"new-item\" event of this item.","      this.emit('new-item', item);","    }","","    // This is where the http request happens.","","  }, {","    key: '_fetchFeed',","    value: function _fetchFeed(feedUrl) {","      var _this2 = this;","","      // Remember the above Promise chain? Everything starts here.","      return new _bluebird2.default(function (resolve, reject) {","","        // Create a FeedParser instance.","        var feedparser = new _feedparser2.default();","","        // Create that \"data\" object we used over and over inside","        // the getContent Promise chain. It starts with a feed url","        // property and a blank item array.","        var data = {","          feedUrl: feedUrl,","          items: []","        };","","        // Now let's request that feed URL sending a very nice header","        // because some servers doesn't like requests without it.","        _request2.default.get({","          url: feedUrl,","          headers: {","            'user-agent': _this2._userAgent,","            'accept': 'text/html,application/xhtml+xml,application/xml'","          }","        })","        // Run this once we get a response from the server.","        .on('response', requestOnResponse)","        // If the request is rejected, call this function.","        .on('error', requestOnError)","        // If everything is ok, let's parse the feed.","        .pipe(feedparser)","        // and in the end, let's call the finish function.","        .on('end', finish);","","        // Basically what we do here is, if we doesn't get a \"200\" status","        // code from the request, reject the promise because probably we","        // received something like a \"404\" or \"500\" error.","        function requestOnResponse(res) {","","          var statusOk = 200;","","          if (res.statusCode !== statusOk) {","","            var error = {","              type: 'fetch_url_error',","              message: 'This URL returned a ' + res.statusCode + ' status code',","              feed: feedUrl","            };","","            reject(error);","          }","        }","","        // This will happen when Node.js itself couldn't connet","        // to the host to get something from it.","        function requestOnError(responseError) {","","          if (responseError.code === 'ENOTFOUND') {","","            var error = {","              type: 'fetch_url_error',","              message: 'Cannot connect to ' + feedUrl,","              feed: feedUrl","","            };","","            reject(error);","          }","        }","","        // Everytime the Feedparser emits a \"readable\" event","        // we have a new feed item, so we need to add it to the","        // data.item list.","        feedparser.on('readable', function () {","","          // Read the item itself.","          var item = feedparser.read();","","          // Force the feed URL inside the feed item because","          // some times the RSS doesn't have the feed url inside","          // every item.","          item.meta.link = feedUrl;","","          // Add to the data.items.","          data.items.push(item);","        });","","        // Feedparser will also emit an \"error\" event","        // if it's not able to parse the XML. If this","        // happens, we need to interrupt the Promise chain","        // since we can't keep going further.","        feedparser.on('error', function () {","","          var error = {","            type: 'invalid_feed',","            message: 'Cannot parse ' + feedUrl + ' XML',","            feed: feedUrl","","          };","","          reject(error);","        });","","        // Once finished, let's resolve the Promise","        // with the \"data\" object.","        function finish() {","","          resolve(data);","        }","      });","    }","  }]);","","  return RssFeedEmitter;","}(_tinyEmitter2.default);","","// In the end, just export the RssFeedEmitter class.","","","exports.default = RssFeedEmitter;","module.exports = exports['default'];"],"l":{"6":1,"10":13,"12":1,"14":1,"16":1,"18":1,"20":1,"22":1,"24":1,"26":1,"28":1,"30":1,"32":223,"34":4,"36":1,"38":1,"40":1,"62":1,"63":1,"67":1,"68":0,"70":0,"74":0,"80":0,"85":0,"92":0,"94":0,"113":1,"120":0,"125":0,"131":0,"136":0,"139":0,"152":0,"154":0,"162":0,"168":0,"178":0,"192":0,"194":0,"196":0,"214":0,"216":0,"222":0,"224":0,"230":0,"232":0,"248":0,"252":0,"254":0,"258":0,"268":0,"283":0,"299":0,"306":0,"310":0,"324":0,"345":1,"347":0,"353":0,"355":0,"359":0,"366":1,"370":0,"378":0,"380":0,"388":0,"399":1,"401":0,"403":0,"408":1,"410":0,"414":1,"420":0,"423":0,"427":0,"429":0,"434":0,"440":1,"442":0,"444":0,"452":0,"455":0,"466":0,"468":0,"471":0,"472":0,"482":0,"485":0,"488":0,"496":0,"499":0,"502":0,"507":0,"514":0,"533":1,"535":0,"537":0,"539":0,"545":0,"551":1,"553":0,"555":0,"562":0,"569":0,"572":0,"577":0,"580":0,"587":0,"589":0,"596":0,"601":1,"603":0,"609":1,"615":1,"616":1}}}